gcc -pedantic -Wall -Wextra -std=gnu99 -Wno-format-security -c ../c-utils/arrayutils.c -o ../c-utils/arrayutils.o
gcc -pedantic -Wall -Wextra -std=gnu99 -Wno-format-security -c main.c
gcc -pedantic -Wall -Wextra -std=gnu99 -Wno-format-security -o bin/main main.o smoke.o ../c-utils/filereader.o ../c-utils/arrayutils.o -lm
valgrind bin/main data/example.txt 10
[ 2 1 9 9 9 4 3 2 1 0 ]
[ 3 9 8 7 8 9 4 9 2 1 ]
[ 9 8 5 6 7 8 9 8 9 2 ]
[ 8 7 6 7 8 9 6 7 8 9 ]
[ 9 8 9 9 9 6 5 6 7 8 ]
Risk level sum: 15
[ 1 1 0 0 0 2 2 2 2 2 ]
[ 1 0 3 3 3 0 2 0 2 2 ]
[ 0 3 3 3 3 3 0 4 0 2 ]
[ 3 3 3 3 3 0 4 4 4 0 ]
[ 0 3 0 0 0 4 4 4 4 4 ]
counting size of basin 1
counting size of basin 2
counting size of basin 3
counting size of basin 4
[ 0 3 9 14 9 ]
quicksorting array of length 5
[ 0 3 9 14 9 ]
